[2025-06-05 15:57:04,560: INFO: common: yaml file: config\config.yaml loaded successfully]
[2025-06-05 15:57:04,566: INFO: common: yaml file: params.yaml loaded successfully]
[2025-06-05 15:57:54,141: INFO: common: yaml file: config\config.yaml loaded successfully]
[2025-06-05 15:57:54,153: INFO: common: yaml file: params.yaml loaded successfully]
[2025-06-05 15:57:54,155: INFO: common: yaml file: schema.yaml loaded successfully]
[2025-06-05 15:59:23,475: INFO: common: yaml file: config\config.yaml loaded successfully]
[2025-06-05 15:59:23,477: INFO: common: yaml file: params.yaml loaded successfully]
[2025-06-05 15:59:23,482: INFO: common: yaml file: schema.yaml loaded successfully]
[2025-06-05 15:59:23,486: INFO: common: created directory at: artifacts]
[2025-06-05 15:59:23,488: INFO: common: created directory at: artifacts/data_ingestion]
[2025-06-05 15:59:24,268: INFO: 251335794: artifacts/data_ingestion/data.zip download! with following info: 
Connection: close
Content-Length: 23329
Cache-Control: max-age=300
Content-Security-Policy: default-src 'none'; style-src 'unsafe-inline'; sandbox
Content-Type: application/zip
ETag: "c69888a4ae59bc5a893392785a938ccd4937981c06ba8a9d6a21aa52b4ab5b6e"
Strict-Transport-Security: max-age=31536000
X-Content-Type-Options: nosniff
X-Frame-Options: deny
X-XSS-Protection: 1; mode=block
X-GitHub-Request-Id: 5DAF:2388F8:1CA0F9:3C6104:68417186
Accept-Ranges: bytes
Date: Thu, 05 Jun 2025 10:29:26 GMT
Via: 1.1 varnish
X-Served-By: cache-hyd1100020-HYD
X-Cache: MISS
X-Cache-Hits: 0
X-Timer: S1749119367.592104,VS0,VE303
Vary: Authorization,Accept-Encoding
Access-Control-Allow-Origin: *
Cross-Origin-Resource-Policy: cross-origin
X-Fastly-Request-ID: 741ef251d62c35401f010c9333ae84afb175cd7f
Expires: Thu, 05 Jun 2025 10:34:26 GMT
Source-Age: 0

]
[2025-06-05 20:41:34,805: INFO: common: yaml file: config\config.yaml loaded successfully]
[2025-06-05 20:41:34,817: INFO: common: yaml file: params.yaml loaded successfully]
[2025-06-05 20:41:34,821: INFO: common: yaml file: schema.yaml loaded successfully]
[2025-06-05 20:41:34,828: INFO: common: created directory at: artifacts]
[2025-06-05 20:41:34,830: INFO: common: created directory at: artifacts/data_validation]
[2025-06-05 20:41:56,474: INFO: common: yaml file: config\config.yaml loaded successfully]
[2025-06-05 20:41:56,476: INFO: common: yaml file: params.yaml loaded successfully]
[2025-06-05 20:41:56,480: INFO: common: yaml file: schema.yaml loaded successfully]
[2025-06-05 20:41:56,482: INFO: common: created directory at: artifacts]
[2025-06-05 20:41:56,484: INFO: common: created directory at: artifacts/data_validation]
[2025-06-05 20:49:15,609: INFO: main: >>>>>> stage Data Ingestion stage started <<<<<<]
[2025-06-05 20:49:15,612: INFO: common: yaml file: config\config.yaml loaded successfully]
[2025-06-05 20:49:15,614: INFO: common: yaml file: params.yaml loaded successfully]
[2025-06-05 20:49:15,616: INFO: common: yaml file: schema.yaml loaded successfully]
[2025-06-05 20:49:15,617: INFO: common: created directory at: artifacts]
[2025-06-05 20:49:15,618: INFO: common: created directory at: artifacts/data_ingestion]
[2025-06-05 20:49:15,618: INFO: data_ingestion: File already exists]
[2025-06-05 20:49:15,643: INFO: main: >>>>>> stage Data Ingestion stage completed <<<<<<

x==========x]
[2025-06-05 20:49:15,644: INFO: main: >>>>>> stage Data Validation stage started <<<<<<]
[2025-06-05 20:49:15,646: INFO: common: yaml file: config\config.yaml loaded successfully]
[2025-06-05 20:49:15,647: INFO: common: yaml file: params.yaml loaded successfully]
[2025-06-05 20:49:15,649: INFO: common: yaml file: schema.yaml loaded successfully]
[2025-06-05 20:49:15,651: INFO: common: created directory at: artifacts]
[2025-06-05 20:49:15,651: INFO: common: created directory at: artifacts/data_validation]
[2025-06-05 20:49:15,674: INFO: main: >>>>>> stage Data Validation stage completed <<<<<<

x==========x]
[2025-06-05 22:15:14,092: INFO: main: >>>>>> stage Data Ingestion stage started <<<<<<]
[2025-06-05 22:15:14,092: INFO: common: yaml file: config\config.yaml loaded successfully]
[2025-06-05 22:15:14,109: INFO: common: yaml file: params.yaml loaded successfully]
[2025-06-05 22:15:14,111: INFO: common: yaml file: schema.yaml loaded successfully]
[2025-06-05 22:15:14,112: INFO: common: created directory at: artifacts]
[2025-06-05 22:15:14,113: INFO: common: created directory at: artifacts/data_ingestion]
[2025-06-05 22:15:14,113: INFO: data_ingestion: File already exists]
[2025-06-05 22:15:14,120: INFO: main: >>>>>> stage Data Ingestion stage completed <<<<<<

x==========x]
[2025-06-05 22:15:14,120: INFO: main: >>>>>> stage Data Validation stage started <<<<<<]
[2025-06-05 22:15:14,126: INFO: common: yaml file: config\config.yaml loaded successfully]
[2025-06-05 22:15:14,127: INFO: common: yaml file: params.yaml loaded successfully]
[2025-06-05 22:15:14,127: INFO: common: yaml file: schema.yaml loaded successfully]
[2025-06-05 22:15:14,127: INFO: common: created directory at: artifacts]
[2025-06-05 22:15:14,127: INFO: common: created directory at: artifacts/data_validation]
[2025-06-05 22:15:14,155: INFO: main: >>>>>> stage Data Validation stage completed <<<<<<

x==========x]
[2025-06-05 22:15:14,155: INFO: main: >>>>>> stage Data Transformation stage started <<<<<<]
[2025-06-05 22:15:14,168: INFO: common: yaml file: config\config.yaml loaded successfully]
[2025-06-05 22:15:14,168: INFO: common: yaml file: params.yaml loaded successfully]
[2025-06-05 22:15:14,176: INFO: common: yaml file: schema.yaml loaded successfully]
[2025-06-05 22:15:14,178: INFO: common: created directory at: artifacts]
[2025-06-05 22:15:14,178: INFO: common: created directory at: artifacts/data_ingestion]
[2025-06-05 22:15:14,179: INFO: main: >>>>>> stage Data Transformation stage completed <<<<<<

x==========x]
